<?xml version="1.0" encoding="UTF-8"?>
<testng-results ignored="0" total="1" passed="1" failed="0" skipped="0">
  <reporter-output>
  </reporter-output>
  <suite started-at="2025-12-17T12:22:11 IST" name="Default suite" finished-at="2025-12-17T12:22:20 IST" duration-ms="8400">
    <groups>
    </groups>
    <test started-at="2025-12-17T12:22:11 IST" name="Default test" finished-at="2025-12-17T12:22:20 IST" duration-ms="8400">
      <class name="tests.BookFlightTest">
        <test-method is-config="true" signature="setUpTest()[pri:0, instance:tests.BookFlightTest@2925bf5b]" started-at="2025-12-17T12:22:11 IST" name="setUpTest" finished-at="2025-12-17T12:22:14 IST" duration-ms="2478" status="PASS">
          <reporter-output>
          </reporter-output>
        </test-method> <!-- setUpTest -->
        <test-method signature="bookFlightUsingExcelData()[pri:0, instance:tests.BookFlightTest@2925bf5b]" started-at="2025-12-17T12:22:14 IST" name="bookFlightUsingExcelData" finished-at="2025-12-17T12:22:20 IST" duration-ms="5708" status="PASS">
          <reporter-output>
          </reporter-output>
        </test-method> <!-- bookFlightUsingExcelData -->
        <test-method is-config="true" signature="tearDownTest()[pri:0, instance:tests.BookFlightTest@2925bf5b]" started-at="2025-12-17T12:22:20 IST" name="tearDownTest" finished-at="2025-12-17T12:22:20 IST" duration-ms="183" status="PASS">
          <reporter-output>
          </reporter-output>
        </test-method> <!-- tearDownTest -->
      </class> <!-- tests.BookFlightTest -->
    </test> <!-- Default test -->
  </suite> <!-- Default suite -->
</testng-results>
